<?xml version="1.0" encoding="UTF-8"?>
<!-- Generated by org.testng.reporters.JUnitReportReporter -->
<testsuite skipped="0" hostname="DESKTOP-L5K9PP5" name="packone.ClassThree" tests="1" failures="0" timestamp="31 May 2019 12:56:31 GMT" time="0.000" errors="0">
  <testcase name="methodThreeA" time="0.000" classname="packone.ClassThree"/>
</testsuite> <!-- packone.ClassThree -->
