<?xml version="1.0" encoding="UTF-8"?>
<!-- Generated by org.testng.reporters.JUnitReportReporter -->
<testsuite skipped="0" hostname="DESKTOP-L5K9PP5" name="packone.ClassFour" tests="3" failures="0" timestamp="31 May 2019 12:56:31 GMT" time="0.003" errors="0">
  <testcase name="methodFourC" time="0.002" classname="packone.ClassFour"/>
  <testcase name="methodFourA" time="0.001" classname="packone.ClassFour"/>
  <testcase name="methodFourB" time="0.000" classname="packone.ClassFour"/>
</testsuite> <!-- packone.ClassFour -->
