<?xml version="1.0" encoding="UTF-8"?>
<!-- Generated by org.testng.reporters.JUnitReportReporter -->
<testsuite skipped="0" hostname="DESKTOP-L5K9PP5" name="packone.ClassOne" tests="1" failures="0" timestamp="31 May 2019 12:56:31 GMT" time="0.012" errors="0">
  <testcase name="methodOneA" time="0.012" classname="packone.ClassOne"/>
</testsuite> <!-- packone.ClassOne -->
